<?xml version="1.0" encoding="UTF-8"?>
<!-- Generated by org.testng.reporters.JUnitReportReporter -->
<testsuite hostname="gunay-Latitude-5420" failures="0" tests="1" name="tests.BaseTest" time="6.274" errors="0" timestamp="2024-02-06T16:03:36 TRT" skipped="0">
  <testcase classname="tests.BaseTest" name="deneme" time="6.274"/>
</testsuite> <!-- tests.BaseTest -->
