<?xml version="1.0" encoding="UTF-8"?>
<!-- Generated by org.testng.reporters.JUnitReportReporter -->
<testsuite hostname="gunay-Latitude-5420" failures="0" tests="1" name="tests.LoginTest" time="12.200" errors="0" timestamp="2024-02-23T22:06:00 TRT" skipped="0">
  <testcase classname="tests.LoginTest" name="verifyLogin" time="12.200"/>
  <system-out/>
</testsuite> <!-- tests.LoginTest -->
