<?xml version="1.0" encoding="UTF-8"?>
<!-- Generated by org.testng.reporters.JUnitReportReporter -->
<testsuite hostname="gunay-Latitude-5420" failures="0" tests="2" name="tests.LoginTest" time="17.387" errors="0" timestamp="2024-03-01T13:58:12 TRT" skipped="0">
  <testcase classname="tests.LoginTest" name="verifyLogin" time="10.437"/>
  <system-out/>
  <testcase classname="tests.LoginTest" name="invalidUserName" time="6.950"/>
  <system-out/>
</testsuite> <!-- tests.LoginTest -->
