<?xml version="1.0" encoding="UTF-8"?>
<!-- Generated by org.testng.reporters.JUnitReportReporter -->
<testsuite hostname="gunay-Latitude-5420" failures="0" tests="1" name="tests.CardTest" time="14.031" errors="0" timestamp="2024-03-01T13:58:12 TRT" skipped="0">
  <testcase classname="tests.CardTest" name="verifyCardPageName" time="14.031"/>
  <system-out/>
</testsuite> <!-- tests.CardTest -->
