<?xml version="1.0" encoding="UTF-8"?>
<!-- Generated by org.testng.reporters.JUnitReportReporter -->
<testsuite hostname="gunay-Latitude-5420" failures="0" tests="1" name="tests.LoginTest" time="39.132" errors="0" timestamp="2024-02-12T11:40:26 TRT" skipped="0">
  <testcase classname="tests.LoginTest" name="verifyLogin" time="39.132"/>
  <system-out/>
</testsuite> <!-- tests.LoginTest -->
