<?xml version="1.0" encoding="UTF-8"?>
<!-- Generated by org.testng.reporters.JUnitReportReporter -->
<testsuite hostname="gunay-Latitude-5420" failures="0" tests="1" name="tests.CardTest" time="13.849" errors="0" timestamp="2024-03-01T15:14:31 TRT" skipped="0">
  <testcase classname="tests.CardTest" name="verifyCardPageName" time="13.849"/>
  <system-out/>
</testsuite> <!-- tests.CardTest -->
