<?xml version="1.0" encoding="UTF-8"?>
<!-- Generated by org.testng.reporters.JUnitReportReporter -->
<testsuite hostname="gunay-Latitude-5420" failures="0" tests="1" name="tests.ProductTest" time="13.383" errors="0" timestamp="2024-03-01T13:58:12 TRT" skipped="0">
  <testcase classname="tests.ProductTest" name="verifyProduct" time="13.383"/>
  <system-out/>
</testsuite> <!-- tests.ProductTest -->
