<?xml version="1.0" encoding="UTF-8"?>
<!-- Generated by org.testng.reporters.JUnitReportReporter -->
<testsuite hostname="gunay-Latitude-5420" failures="0" tests="2" name="tests.LoginTest" time="35.796" errors="1" timestamp="2024-02-13T13:15:30 TRT" skipped="0">
  <testcase classname="tests.LoginTest" name="tearDown" time="0.017">
    <error message="The requested resource could not be found, or a request was received using an HTTP method that is not supported by the mapped resource
Build info: version: &#039;4.17.0&#039;, revision: &#039;e52b1be057*&#039;
System info: os.name: &#039;Linux&#039;, os.arch: &#039;amd64&#039;, os.version: &#039;5.15.0-94-generic&#039;, java.version: &#039;21.0.2&#039;
Driver info: io.appium.java_client.android.AndroidDriver
Command: [7b1672ef-7a2d-4a44-a312-e0a2bbf38dab, close {}]
Capabilities {appium:app: /home/gunay/eclipse-workspa..., appium:appPackage: com.androidsample.generalstore, appium:automationName: UIAutomator2, appium:databaseEnabled: false, appium:desired: {app: /home/gunay/eclipse-workspa..., automationName: UIAutomator2, deviceName: MyPhone, platformName: ANDROID}, appium:deviceApiLevel: 34, appium:deviceManufacturer: Google, appium:deviceModel: sdk_gphone64_x86_64, appium:deviceName: emulator-5554, appium:deviceScreenDensity: 560, appium:deviceScreenSize: 1440x2880, appium:deviceUDID: emulator-5554, appium:javascriptEnabled: true, appium:locationContextEnabled: false, appium:networkConnectionEnabled: true, appium:pixelRatio: 3.5, appium:platformVersion: 14, appium:statBarHeight: 98, appium:takesScreenshot: true, appium:viewportRect: {height: 2782, left: 0, top: 98, width: 1440}, appium:warnings: {}, appium:webStorageEnabled: false, platformName: ANDROID}
Session ID: 7b1672ef-7a2d-4a44-a312-e0a2bbf38dab" type="org.openqa.selenium.UnsupportedCommandException">
      <![CDATA[org.openqa.selenium.UnsupportedCommandException: The requested resource could not be found, or a request was received using an HTTP method that is not supported by the mapped resource
Build info: version: '4.17.0', revision: 'e52b1be057*'
System info: os.name: 'Linux', os.arch: 'amd64', os.version: '5.15.0-94-generic', java.version: '21.0.2'
Driver info: io.appium.java_client.android.AndroidDriver
Command: [7b1672ef-7a2d-4a44-a312-e0a2bbf38dab, close {}]
Capabilities {appium:app: /home/gunay/eclipse-workspa..., appium:appPackage: com.androidsample.generalstore, appium:automationName: UIAutomator2, appium:databaseEnabled: false, appium:desired: {app: /home/gunay/eclipse-workspa..., automationName: UIAutomator2, deviceName: MyPhone, platformName: ANDROID}, appium:deviceApiLevel: 34, appium:deviceManufacturer: Google, appium:deviceModel: sdk_gphone64_x86_64, appium:deviceName: emulator-5554, appium:deviceScreenDensity: 560, appium:deviceScreenSize: 1440x2880, appium:deviceUDID: emulator-5554, appium:javascriptEnabled: true, appium:locationContextEnabled: false, appium:networkConnectionEnabled: true, appium:pixelRatio: 3.5, appium:platformVersion: 14, appium:statBarHeight: 98, appium:takesScreenshot: true, appium:viewportRect: {height: 2782, left: 0, top: 98, width: 1440}, appium:warnings: {}, appium:webStorageEnabled: false, platformName: ANDROID}
Session ID: 7b1672ef-7a2d-4a44-a312-e0a2bbf38dab
at java.base/jdk.internal.reflect.DirectConstructorHandleAccessor.newInstance(DirectConstructorHandleAccessor.java:62)
at java.base/java.lang.reflect.Constructor.newInstanceWithCaller(Constructor.java:502)
at java.base/java.lang.reflect.Constructor.newInstance(Constructor.java:486)
at org.openqa.selenium.remote.codec.w3c.W3CHttpResponseCodec.createException(W3CHttpResponseCodec.java:185)
at org.openqa.selenium.remote.codec.w3c.W3CHttpResponseCodec.decode(W3CHttpResponseCodec.java:134)
at org.openqa.selenium.remote.codec.w3c.W3CHttpResponseCodec.decode(W3CHttpResponseCodec.java:51)
at org.openqa.selenium.remote.HttpCommandExecutor.execute(HttpCommandExecutor.java:190)
at io.appium.java_client.remote.AppiumCommandExecutor.execute(AppiumCommandExecutor.java:237)
at org.openqa.selenium.remote.RemoteWebDriver.execute(RemoteWebDriver.java:519)
at org.openqa.selenium.remote.RemoteWebDriver.execute(RemoteWebDriver.java:592)
at io.appium.java_client.AppiumDriver.execute(AppiumDriver.java:307)
at org.openqa.selenium.remote.RemoteWebDriver.close(RemoteWebDriver.java:406)
at implementation.CommenDriver.CloseApp(CommenDriver.java:44)
at tests.BaseTest.tearDown(BaseTest.java:56)
at java.base/jdk.internal.reflect.DirectMethodHandleAccessor.invoke(DirectMethodHandleAccessor.java:103)
at java.base/java.lang.reflect.Method.invoke(Method.java:580)
at org.testng.internal.MethodInvocationHelper.invokeMethod(MethodInvocationHelper.java:133)
at org.testng.internal.MethodInvocationHelper.invokeMethodConsideringTimeout(MethodInvocationHelper.java:62)
at org.testng.internal.ConfigInvoker.invokeConfigurationMethod(ConfigInvoker.java:385)
at org.testng.internal.ConfigInvoker.invokeConfigurations(ConfigInvoker.java:321)
at org.testng.internal.TestMethodWorker.invokeAfterClassMethods(TestMethodWorker.java:217)
at org.testng.internal.TestMethodWorker.run(TestMethodWorker.java:130)
at java.base/java.util.ArrayList.forEach(ArrayList.java:1596)
at org.testng.TestRunner.privateRun(TestRunner.java:794)
at org.testng.TestRunner.run(TestRunner.java:596)
at org.testng.SuiteRunner.runTest(SuiteRunner.java:377)
at org.testng.SuiteRunner.runSequentially(SuiteRunner.java:371)
at org.testng.SuiteRunner.privateRun(SuiteRunner.java:332)
at org.testng.SuiteRunner.run(SuiteRunner.java:276)
at org.testng.SuiteRunnerWorker.runSuite(SuiteRunnerWorker.java:53)
at org.testng.SuiteRunnerWorker.run(SuiteRunnerWorker.java:96)
at org.testng.TestNG.runSuitesSequentially(TestNG.java:1212)
at org.testng.TestNG.runSuitesLocally(TestNG.java:1134)
at org.testng.TestNG.runSuites(TestNG.java:1063)
at org.testng.TestNG.run(TestNG.java:1031)
at org.testng.remote.AbstractRemoteTestNG.run(AbstractRemoteTestNG.java:115)
at org.testng.remote.RemoteTestNG.initAndRun(RemoteTestNG.java:251)
at org.testng.remote.RemoteTestNG.main(RemoteTestNG.java:77)
]]>
    </error>
  </testcase> <!-- tearDown -->
  <system-out/>
  <testcase classname="tests.LoginTest" name="verifyLogin" time="35.779"/>
  <system-out/>
</testsuite> <!-- tests.LoginTest -->
