<?xml version="1.0" encoding="UTF-8"?>
<!-- Generated by org.testng.reporters.JUnitReportReporter -->
<testsuite hostname="gunay-Latitude-5420" failures="0" tests="1" name="tests.ProductTest" time="17.531" errors="0" timestamp="2024-02-23T22:06:00 TRT" skipped="0">
  <testcase classname="tests.ProductTest" name="verifyProduct" time="17.531"/>
  <system-out/>
</testsuite> <!-- tests.ProductTest -->
