<?xml version="1.0" encoding="UTF-8"?>
<!-- Generated by org.testng.reporters.JUnitReportReporter -->
<testsuite hostname="gunay-Latitude-5420" failures="0" tests="1" name="tests.ProductTest" time="12.317" errors="0" timestamp="2024-03-01T15:14:31 TRT" skipped="0">
  <testcase classname="tests.ProductTest" name="verifyForAddProduct" time="12.317"/>
  <system-out/>
</testsuite> <!-- tests.ProductTest -->
